<?xml version="1.0" encoding="UTF-8"?>
<!-- Generated by org.testng.reporters.JUnitReportReporter -->
<testsuite hostname="DESKTOP-GCFD89K" failures="0" tests="1" name="com.mhe.qa.testcases.Proctorio_test1" time="20.304" errors="0" timestamp="01 Oct 2020 11:15:15 GMT" skipped="0">
  <testcase classname="com.mhe.qa.testcases.Proctorio_test1" name="proctorioTest1" time="20.304"/>
</testsuite> <!-- com.mhe.qa.testcases.Proctorio_test1 -->
